# JRE version: Java(TM) SE Runtime Environment (17.0.8+9) (build 17.0.8+9-LTS-211)
# Java VM: Java HotSpot(TM) 64-Bit Server VM (17.0.8+9-LTS-211, mixed mode, sharing, tiered, compressed oops, compressed class ptrs, g1 gc, windows-amd64)
GC Precious Log:
 CPUs: 8 total, 8 available
 Memory: 7977M
 Large Page Support: Disabled
 NUMA Support: Disabled
 Compressed Oops: Enabled (32-bit)
 Heap Region Size: 1M
 Heap Min Capacity: 8M
 Heap Initial Capacity: 126M
 Heap Max Capacity: 2G
 Pre-touch: Disabled
 Parallel Workers: 8
 Concurrent Workers: 2
 Concurrent Refinement Workers: 8
 Periodic GC: Disabled
Heap:
 garbage-first heap   total 442368K, used 279344K [0x0000000080000000, 0x0000000100000000)
  region size 1024K, 36 young (36864K), 9 survivors (9216K)
 Metaspace       used 141181K, committed 142720K, reserved 557056K
  class space    used 18853K, committed 19648K, reserved 425984K
GC Heap History (20 events):
Event: 46.353 GC heap before
{Heap before GC invocations=46 (full 0):
 garbage-first heap   total 418816K, used 313319K [0x0000000080000000, 0x0000000100000000)
  region size 1024K, 184 young (188416K), 19 survivors (19456K)
 Metaspace       used 95717K, committed 96768K, reserved 557056K
  class space    used 13245K, committed 13760K, reserved 425984K
}
Event: 46.412 GC heap after
{Heap after GC invocations=47 (full 0):
 garbage-first heap   total 418816K, used 168234K [0x0000000080000000, 0x0000000100000000)
  region size 1024K, 23 young (23552K), 23 survivors (23552K)
 Metaspace       used 95717K, committed 96768K, reserved 557056K
  class space    used 13245K, committed 13760K, reserved 425984K
}
Event: 53.677 GC heap before
{Heap before GC invocations=47 (full 0):
 garbage-first heap   total 418816K, used 313642K [0x0000000080000000, 0x0000000100000000)
  region size 1024K, 165 young (168960K), 23 survivors (23552K)
 Metaspace       used 96809K, committed 98048K, reserved 557056K
  class space    used 13347K, committed 13952K, reserved 425984K
}
Event: 53.696 GC heap after
{Heap after GC invocations=48 (full 0):
 garbage-first heap   total 418816K, used 171008K [0x0000000080000000, 0x0000000100000000)
  region size 1024K, 6 young (6144K), 6 survivors (6144K)
 Metaspace       used 96809K, committed 98048K, reserved 557056K
  class space    used 13347K, committed 13952K, reserved 425984K
}
Event: 60.761 GC heap before
{Heap before GC invocations=48 (full 0):
 garbage-first heap   total 418816K, used 322560K [0x0000000080000000, 0x0000000100000000)
  region size 1024K, 155 young (158720K), 6 survivors (6144K)
 Metaspace       used 101460K, committed 102784K, reserved 557056K
  class space    used 13963K, committed 14592K, reserved 425984K
}
Event: 60.783 GC heap after
{Heap after GC invocations=49 (full 0):
 garbage-first heap   total 418816K, used 193536K [0x0000000080000000, 0x0000000100000000)
  region size 1024K, 20 young (20480K), 20 survivors (20480K)
 Metaspace       used 101460K, committed 102784K, reserved 557056K
  class space    used 13963K, committed 14592K, reserved 425984K
}
Event: 63.126 GC heap before
{Heap before GC invocations=49 (full 0):
 garbage-first heap   total 418816K, used 324608K [0x0000000080000000, 0x0000000100000000)
  region size 1024K, 149 young (152576K), 20 survivors (20480K)
 Metaspace       used 103934K, committed 105344K, reserved 557056K
  class space    used 14199K, committed 14912K, reserved 425984K
}
Event: 63.172 GC heap after
{Heap after GC invocations=50 (full 0):
 garbage-first heap   total 418816K, used 210354K [0x0000000080000000, 0x0000000100000000)
  region size 1024K, 16 young (16384K), 16 survivors (16384K)
 Metaspace       used 103934K, committed 105344K, reserved 557056K
  class space    used 14199K, committed 14912K, reserved 425984K
}
Event: 64.879 GC heap before
{Heap before GC invocations=50 (full 0):
 garbage-first heap   total 418816K, used 350642K [0x0000000080000000, 0x0000000100000000)
  region size 1024K, 134 young (137216K), 16 survivors (16384K)
 Metaspace       used 107737K, committed 109184K, reserved 557056K
  class space    used 14643K, committed 15360K, reserved 425984K
}
Event: 64.900 GC heap after
{Heap after GC invocations=51 (full 0):
 garbage-first heap   total 418816K, used 219363K [0x0000000080000000, 0x0000000100000000)
  region size 1024K, 10 young (10240K), 10 survivors (10240K)
 Metaspace       used 107737K, committed 109184K, reserved 557056K
  class space    used 14643K, committed 15360K, reserved 425984K
}
Event: 66.606 GC heap before
{Heap before GC invocations=51 (full 0):
 garbage-first heap   total 418816K, used 344291K [0x0000000080000000, 0x0000000100000000)
  region size 1024K, 125 young (128000K), 10 survivors (10240K)
 Metaspace       used 109854K, committed 111296K, reserved 557056K
  class space    used 14904K, committed 15616K, reserved 425984K
}
Event: 66.627 GC heap after
{Heap after GC invocations=52 (full 0):
 garbage-first heap   total 418816K, used 228352K [0x0000000080000000, 0x0000000100000000)
  region size 1024K, 16 young (16384K), 16 survivors (16384K)
 Metaspace       used 109854K, committed 111296K, reserved 557056K
  class space    used 14904K, committed 15616K, reserved 425984K
}
Event: 72.305 GC heap before
{Heap before GC invocations=52 (full 0):
 garbage-first heap   total 418816K, used 347136K [0x0000000080000000, 0x0000000100000000)
  region size 1024K, 127 young (130048K), 16 survivors (16384K)
 Metaspace       used 120825K, committed 122304K, reserved 557056K
  class space    used 16129K, committed 16896K, reserved 425984K
}
Event: 72.320 GC heap after
{Heap after GC invocations=53 (full 0):
 garbage-first heap   total 418816K, used 238774K [0x0000000080000000, 0x0000000100000000)
  region size 1024K, 16 young (16384K), 16 survivors (16384K)
 Metaspace       used 120825K, committed 122304K, reserved 557056K
  class space    used 16129K, committed 16896K, reserved 425984K
}
Event: 75.381 GC heap before
{Heap before GC invocations=53 (full 0):
 garbage-first heap   total 418816K, used 353462K [0x0000000080000000, 0x0000000100000000)
  region size 1024K, 119 young (121856K), 16 survivors (16384K)
 Metaspace       used 129610K, committed 131072K, reserved 557056K
  class space    used 17312K, committed 18048K, reserved 425984K
}
Event: 75.397 GC heap after
{Heap after GC invocations=54 (full 0):
 garbage-first heap   total 418816K, used 247406K [0x0000000080000000, 0x0000000100000000)
  region size 1024K, 11 young (11264K), 11 survivors (11264K)
 Metaspace       used 129610K, committed 131072K, reserved 557056K
  class space    used 17312K, committed 18048K, reserved 425984K
}
Event: 76.914 GC heap before
{Heap before GC invocations=54 (full 0):
 garbage-first heap   total 418816K, used 345710K [0x0000000080000000, 0x0000000100000000)
  region size 1024K, 107 young (109568K), 11 survivors (11264K)
 Metaspace       used 135354K, committed 136896K, reserved 557056K
  class space    used 18055K, committed 18816K, reserved 425984K
}
Event: 76.926 GC heap after
{Heap after GC invocations=55 (full 0):
 garbage-first heap   total 418816K, used 252928K [0x0000000080000000, 0x0000000100000000)
  region size 1024K, 6 young (6144K), 6 survivors (6144K)
 Metaspace       used 135354K, committed 136896K, reserved 557056K
  class space    used 18055K, committed 18816K, reserved 425984K
}
Event: 82.625 GC heap before
{Heap before GC invocations=55 (full 0):
 garbage-first heap   total 418816K, used 332800K [0x0000000080000000, 0x0000000100000000)
  region size 1024K, 85 young (87040K), 6 survivors (6144K)
 Metaspace       used 139271K, committed 140800K, reserved 557056K
  class space    used 18544K, committed 19264K, reserved 425984K
}
Event: 82.668 GC heap after
{Heap after GC invocations=56 (full 0):
 garbage-first heap   total 418816K, used 253744K [0x0000000080000000, 0x0000000100000000)
  region size 1024K, 9 young (9216K), 9 survivors (9216K)
 Metaspace       used 139271K, committed 140800K, reserved 557056K
  class space    used 18544K, committed 19264K, reserved 425984K
}

