# JRE version: Java(TM) SE Runtime Environment (17.0.8+9) (build 17.0.8+9-LTS-211)
# Java VM: Java HotSpot(TM) 64-Bit Server VM (17.0.8+9-LTS-211, mixed mode, sharing, tiered, compressed oops, compressed class ptrs, g1 gc, windows-amd64)
GC Precious Log:
 CPUs: 8 total, 8 available
 Memory: 7977M
 Large Page Support: Disabled
 NUMA Support: Disabled
 Compressed Oops: Enabled (32-bit)
 Heap Region Size: 1M
 Heap Min Capacity: 8M
 Heap Initial Capacity: 126M
 Heap Max Capacity: 2G
 Pre-touch: Disabled
 Parallel Workers: 8
 Concurrent Workers: 2
 Concurrent Refinement Workers: 8
 Periodic GC: Disabled
Heap:
 garbage-first heap   total 142336K, used 95163K [0x0000000080000000, 0x0000000100000000)
  region size 1024K, 23 young (23552K), 2 survivors (2048K)
 Metaspace       used 73238K, committed 73920K, reserved 491520K
  class space    used 10014K, committed 10368K, reserved 425984K
GC Heap History (20 events):
Event: 34.895 GC heap before
{Heap before GC invocations=24 (full 0):
 garbage-first heap   total 99328K, used 79683K [0x0000000080000000, 0x0000000100000000)
  region size 1024K, 27 young (27648K), 3 survivors (3072K)
 Metaspace       used 62249K, committed 62976K, reserved 491520K
  class space    used 8676K, committed 9024K, reserved 425984K
}
Event: 34.903 GC heap after
{Heap after GC invocations=25 (full 0):
 garbage-first heap   total 99328K, used 58557K [0x0000000080000000, 0x0000000100000000)
  region size 1024K, 4 young (4096K), 4 survivors (4096K)
 Metaspace       used 62249K, committed 62976K, reserved 491520K
  class space    used 8676K, committed 9024K, reserved 425984K
}
Event: 38.276 GC heap before
{Heap before GC invocations=26 (full 0):
 garbage-first heap   total 104448K, used 80061K [0x0000000080000000, 0x0000000100000000)
  region size 1024K, 24 young (24576K), 4 survivors (4096K)
 Metaspace       used 62627K, committed 63360K, reserved 491520K
  class space    used 8719K, committed 9088K, reserved 425984K
}
Event: 38.281 GC heap after
{Heap after GC invocations=27 (full 0):
 garbage-first heap   total 104448K, used 63458K [0x0000000080000000, 0x0000000100000000)
  region size 1024K, 3 young (3072K), 3 survivors (3072K)
 Metaspace       used 62627K, committed 63360K, reserved 491520K
  class space    used 8719K, committed 9088K, reserved 425984K
}
Event: 38.337 GC heap before
{Heap before GC invocations=27 (full 0):
 garbage-first heap   total 104448K, used 64482K [0x0000000080000000, 0x0000000100000000)
  region size 1024K, 5 young (5120K), 3 survivors (3072K)
 Metaspace       used 62933K, committed 63616K, reserved 491520K
  class space    used 8758K, committed 9088K, reserved 425984K
}
Event: 38.339 GC heap after
{Heap after GC invocations=28 (full 0):
 garbage-first heap   total 104448K, used 63420K [0x0000000080000000, 0x0000000100000000)
  region size 1024K, 1 young (1024K), 1 survivors (1024K)
 Metaspace       used 62933K, committed 63616K, reserved 491520K
  class space    used 8758K, committed 9088K, reserved 425984K
}
Event: 38.951 GC heap before
{Heap before GC invocations=28 (full 0):
 garbage-first heap   total 104448K, used 82876K [0x0000000080000000, 0x0000000100000000)
  region size 1024K, 21 young (21504K), 1 survivors (1024K)
 Metaspace       used 65743K, committed 66432K, reserved 491520K
  class space    used 9054K, committed 9408K, reserved 425984K
}
Event: 38.953 GC heap after
{Heap after GC invocations=29 (full 0):
 garbage-first heap   total 104448K, used 64746K [0x0000000080000000, 0x0000000100000000)
  region size 1024K, 2 young (2048K), 2 survivors (2048K)
 Metaspace       used 65743K, committed 66432K, reserved 491520K
  class space    used 9054K, committed 9408K, reserved 425984K
}
Event: 39.799 GC heap before
{Heap before GC invocations=30 (full 0):
 garbage-first heap   total 112640K, used 90346K [0x0000000080000000, 0x0000000100000000)
  region size 1024K, 22 young (22528K), 2 survivors (2048K)
 Metaspace       used 68179K, committed 68864K, reserved 491520K
  class space    used 9342K, committed 9664K, reserved 425984K
}
Event: 39.803 GC heap after
{Heap after GC invocations=31 (full 0):
 garbage-first heap   total 112640K, used 72290K [0x0000000080000000, 0x0000000100000000)
  region size 1024K, 3 young (3072K), 3 survivors (3072K)
 Metaspace       used 68179K, committed 68864K, reserved 491520K
  class space    used 9342K, committed 9664K, reserved 425984K
}
Event: 39.838 GC heap before
{Heap before GC invocations=31 (full 0):
 garbage-first heap   total 112640K, used 74338K [0x0000000080000000, 0x0000000100000000)
  region size 1024K, 5 young (5120K), 3 survivors (3072K)
 Metaspace       used 68179K, committed 68864K, reserved 491520K
  class space    used 9342K, committed 9664K, reserved 425984K
}
Event: 39.841 GC heap after
{Heap after GC invocations=32 (full 0):
 garbage-first heap   total 112640K, used 72966K [0x0000000080000000, 0x0000000100000000)
  region size 1024K, 1 young (1024K), 1 survivors (1024K)
 Metaspace       used 68179K, committed 68864K, reserved 491520K
  class space    used 9342K, committed 9664K, reserved 425984K
}
Event: 39.928 GC heap before
{Heap before GC invocations=32 (full 0):
 garbage-first heap   total 112640K, used 75014K [0x0000000080000000, 0x0000000100000000)
  region size 1024K, 4 young (4096K), 1 survivors (1024K)
 Metaspace       used 68184K, committed 68864K, reserved 491520K
  class space    used 9342K, committed 9664K, reserved 425984K
}
Event: 39.930 GC heap after
{Heap after GC invocations=33 (full 0):
 garbage-first heap   total 135168K, used 73347K [0x0000000080000000, 0x0000000100000000)
  region size 1024K, 2 young (2048K), 2 survivors (2048K)
 Metaspace       used 68184K, committed 68864K, reserved 491520K
  class space    used 9342K, committed 9664K, reserved 425984K
}
Event: 40.907 GC heap before
{Heap before GC invocations=34 (full 0):
 garbage-first heap   total 135168K, used 111235K [0x0000000080000000, 0x0000000100000000)
  region size 1024K, 37 young (37888K), 2 survivors (2048K)
 Metaspace       used 71216K, committed 71936K, reserved 491520K
  class space    used 9724K, committed 10048K, reserved 425984K
}
Event: 40.913 GC heap after
{Heap after GC invocations=35 (full 0):
 garbage-first heap   total 135168K, used 77230K [0x0000000080000000, 0x0000000100000000)
  region size 1024K, 5 young (5120K), 5 survivors (5120K)
 Metaspace       used 71216K, committed 71936K, reserved 491520K
  class space    used 9724K, committed 10048K, reserved 425984K
}
Event: 40.938 GC heap before
{Heap before GC invocations=35 (full 0):
 garbage-first heap   total 135168K, used 78254K [0x0000000080000000, 0x0000000100000000)
  region size 1024K, 6 young (6144K), 5 survivors (5120K)
 Metaspace       used 71274K, committed 72000K, reserved 491520K
  class space    used 9732K, committed 10048K, reserved 425984K
}
Event: 40.944 GC heap after
{Heap after GC invocations=36 (full 0):
 garbage-first heap   total 135168K, used 77382K [0x0000000080000000, 0x0000000100000000)
  region size 1024K, 1 young (1024K), 1 survivors (1024K)
 Metaspace       used 71274K, committed 72000K, reserved 491520K
  class space    used 9732K, committed 10048K, reserved 425984K
}
Event: 41.601 GC heap before
{Heap before GC invocations=36 (full 0):
 garbage-first heap   total 135168K, used 110150K [0x0000000080000000, 0x0000000100000000)
  region size 1024K, 32 young (32768K), 1 survivors (1024K)
 Metaspace       used 73118K, committed 73792K, reserved 491520K
  class space    used 10003K, committed 10304K, reserved 425984K
}
Event: 41.605 GC heap after
{Heap after GC invocations=37 (full 0):
 garbage-first heap   total 135168K, used 78820K [0x0000000080000000, 0x0000000100000000)
  region size 1024K, 2 young (2048K), 2 survivors (2048K)
 Metaspace       used 73118K, committed 73792K, reserved 491520K
  class space    used 10003K, committed 10304K, reserved 425984K
}

