# JRE version: Java(TM) SE Runtime Environment (17.0.8+9) (build 17.0.8+9-LTS-211)
# Java VM: Java HotSpot(TM) 64-Bit Server VM (17.0.8+9-LTS-211, mixed mode, sharing, tiered, compressed oops, compressed class ptrs, g1 gc, windows-amd64)
GC Precious Log:
 CPUs: 8 total, 8 available
 Memory: 7977M
 Large Page Support: Disabled
 NUMA Support: Disabled
 Compressed Oops: Enabled (32-bit)
 Heap Region Size: 1M
 Heap Min Capacity: 8M
 Heap Initial Capacity: 126M
 Heap Max Capacity: 2G
 Pre-touch: Disabled
 Parallel Workers: 8
 Concurrent Workers: 2
 Concurrent Refinement Workers: 8
 Periodic GC: Disabled
Heap:
 garbage-first heap   total 406528K, used 317530K [0x0000000080000000, 0x0000000100000000)
  region size 1024K, 88 young (90112K), 5 survivors (5120K)
 Metaspace       used 125909K, committed 127232K, reserved 557056K
  class space    used 16494K, committed 17152K, reserved 425984K
GC Heap History (20 events):
Event: 244.031 GC heap before
{Heap before GC invocations=60 (full 0):
 garbage-first heap   total 353280K, used 266415K [0x0000000080000000, 0x0000000100000000)
  region size 1024K, 59 young (60416K), 4 survivors (4096K)
 Metaspace       used 112489K, committed 113664K, reserved 557056K
  class space    used 15170K, committed 15744K, reserved 425984K
}
Event: 244.045 GC heap after
{Heap after GC invocations=61 (full 0):
 garbage-first heap   total 353280K, used 218623K [0x0000000080000000, 0x0000000100000000)
  region size 1024K, 8 young (8192K), 8 survivors (8192K)
 Metaspace       used 112489K, committed 113664K, reserved 557056K
  class space    used 15170K, committed 15744K, reserved 425984K
}
Event: 246.499 GC heap before
{Heap before GC invocations=61 (full 0):
 garbage-first heap   total 353280K, used 227839K [0x0000000080000000, 0x0000000100000000)
  region size 1024K, 17 young (17408K), 8 survivors (8192K)
 Metaspace       used 112606K, committed 113856K, reserved 557056K
  class space    used 15183K, committed 15744K, reserved 425984K
}
Event: 246.514 GC heap after
{Heap after GC invocations=62 (full 0):
 garbage-first heap   total 353280K, used 195362K [0x0000000080000000, 0x0000000100000000)
  region size 1024K, 3 young (3072K), 3 survivors (3072K)
 Metaspace       used 112606K, committed 113856K, reserved 557056K
  class space    used 15183K, committed 15744K, reserved 425984K
}
Event: 246.608 GC heap before
{Heap before GC invocations=62 (full 0):
 garbage-first heap   total 353280K, used 209698K [0x0000000080000000, 0x0000000100000000)
  region size 1024K, 17 young (17408K), 3 survivors (3072K)
 Metaspace       used 112780K, committed 114048K, reserved 557056K
  class space    used 15203K, committed 15808K, reserved 425984K
}
Event: 246.613 GC heap after
{Heap after GC invocations=63 (full 0):
 garbage-first heap   total 353280K, used 197191K [0x0000000080000000, 0x0000000100000000)
  region size 1024K, 3 young (3072K), 3 survivors (3072K)
 Metaspace       used 112780K, committed 114048K, reserved 557056K
  class space    used 15203K, committed 15808K, reserved 425984K
}
Event: 252.102 GC heap before
{Heap before GC invocations=63 (full 0):
 garbage-first heap   total 353280K, used 284231K [0x0000000080000000, 0x0000000100000000)
  region size 1024K, 87 young (89088K), 3 survivors (3072K)
 Metaspace       used 113673K, committed 114944K, reserved 557056K
  class space    used 15326K, committed 15936K, reserved 425984K
}
Event: 252.110 GC heap after
{Heap after GC invocations=64 (full 0):
 garbage-first heap   total 353280K, used 207455K [0x0000000080000000, 0x0000000100000000)
  region size 1024K, 11 young (11264K), 11 survivors (11264K)
 Metaspace       used 113673K, committed 114944K, reserved 557056K
  class space    used 15326K, committed 15936K, reserved 425984K
}
Event: 253.207 GC heap before
{Heap before GC invocations=64 (full 0):
 garbage-first heap   total 353280K, used 285279K [0x0000000080000000, 0x0000000100000000)
  region size 1024K, 88 young (90112K), 11 survivors (11264K)
 Metaspace       used 115107K, committed 116416K, reserved 557056K
  class space    used 15430K, committed 16064K, reserved 425984K
}
Event: 253.221 GC heap after
{Heap after GC invocations=65 (full 0):
 garbage-first heap   total 353280K, used 215655K [0x0000000080000000, 0x0000000100000000)
  region size 1024K, 8 young (8192K), 8 survivors (8192K)
 Metaspace       used 115107K, committed 116416K, reserved 557056K
  class space    used 15430K, committed 16064K, reserved 425984K
}
Event: 253.447 GC heap before
{Heap before GC invocations=65 (full 0):
 garbage-first heap   total 353280K, used 241255K [0x0000000080000000, 0x0000000100000000)
  region size 1024K, 35 young (35840K), 8 survivors (8192K)
 Metaspace       used 115258K, committed 116544K, reserved 557056K
  class space    used 15433K, committed 16064K, reserved 425984K
}
Event: 253.452 GC heap after
{Heap after GC invocations=66 (full 0):
 garbage-first heap   total 353280K, used 216901K [0x0000000080000000, 0x0000000100000000)
  region size 1024K, 2 young (2048K), 2 survivors (2048K)
 Metaspace       used 115258K, committed 116544K, reserved 557056K
  class space    used 15433K, committed 16064K, reserved 425984K
}
Event: 255.778 GC heap before
{Heap before GC invocations=67 (full 0):
 garbage-first heap   total 386048K, used 293701K [0x0000000080000000, 0x0000000100000000)
  region size 1024K, 74 young (75776K), 2 survivors (2048K)
 Metaspace       used 118518K, committed 119872K, reserved 557056K
  class space    used 15808K, committed 16512K, reserved 425984K
}
Event: 255.790 GC heap after
{Heap after GC invocations=68 (full 0):
 garbage-first heap   total 386048K, used 224306K [0x0000000080000000, 0x0000000100000000)
  region size 1024K, 10 young (10240K), 10 survivors (10240K)
 Metaspace       used 118518K, committed 119872K, reserved 557056K
  class space    used 15808K, committed 16512K, reserved 425984K
}
Event: 256.252 GC heap before
{Heap before GC invocations=68 (full 0):
 garbage-first heap   total 386048K, used 231474K [0x0000000080000000, 0x0000000100000000)
  region size 1024K, 18 young (18432K), 10 survivors (10240K)
 Metaspace       used 118671K, committed 120064K, reserved 557056K
  class space    used 15818K, committed 16512K, reserved 425984K
}
Event: 256.269 GC heap after
{Heap after GC invocations=69 (full 0):
 garbage-first heap   total 386048K, used 222578K [0x0000000080000000, 0x0000000100000000)
  region size 1024K, 3 young (3072K), 3 survivors (3072K)
 Metaspace       used 118671K, committed 120064K, reserved 557056K
  class space    used 15818K, committed 16512K, reserved 425984K
}
Event: 258.642 GC heap before
{Heap before GC invocations=69 (full 0):
 garbage-first heap   total 386048K, used 324978K [0x0000000080000000, 0x0000000100000000)
  region size 1024K, 92 young (94208K), 3 survivors (3072K)
 Metaspace       used 124074K, committed 125440K, reserved 557056K
  class space    used 16295K, committed 16960K, reserved 425984K
}
Event: 258.648 GC heap after
{Heap after GC invocations=70 (full 0):
 garbage-first heap   total 386048K, used 231399K [0x0000000080000000, 0x0000000100000000)
  region size 1024K, 8 young (8192K), 8 survivors (8192K)
 Metaspace       used 124074K, committed 125440K, reserved 557056K
  class space    used 16295K, committed 16960K, reserved 425984K
}
Event: 259.068 GC heap before
{Heap before GC invocations=70 (full 0):
 garbage-first heap   total 386048K, used 246759K [0x0000000080000000, 0x0000000100000000)
  region size 1024K, 25 young (25600K), 8 survivors (8192K)
 Metaspace       used 124385K, committed 125760K, reserved 557056K
  class space    used 16320K, committed 16960K, reserved 425984K
}
Event: 259.075 GC heap after
{Heap after GC invocations=71 (full 0):
 garbage-first heap   total 386048K, used 226394K [0x0000000080000000, 0x0000000100000000)
  region size 1024K, 5 young (5120K), 5 survivors (5120K)
 Metaspace       used 124385K, committed 125760K, reserved 557056K
  class space    used 16320K, committed 16960K, reserved 425984K
}

