# JRE version: Java(TM) SE Runtime Environment (17.0.8+9) (build 17.0.8+9-LTS-211)
# Java VM: Java HotSpot(TM) 64-Bit Server VM (17.0.8+9-LTS-211, mixed mode, sharing, tiered, compressed oops, compressed class ptrs, g1 gc, windows-amd64)
GC Precious Log:
 CPUs: 8 total, 8 available
 Memory: 7977M
 Large Page Support: Disabled
 NUMA Support: Disabled
 Compressed Oops: Enabled (32-bit)
 Heap Region Size: 1M
 Heap Min Capacity: 8M
 Heap Initial Capacity: 126M
 Heap Max Capacity: 1996M
 Pre-touch: Disabled
 Parallel Workers: 8
 Concurrent Workers: 2
 Concurrent Refinement Workers: 8
 Periodic GC: Disabled
Heap:
 garbage-first heap   total 202752K, used 108798K [0x0000000083400000, 0x0000000100000000)
  region size 1024K, 44 young (45056K), 8 survivors (8192K)
 Metaspace       used 60067K, committed 60416K, reserved 1114112K
  class space    used 6920K, committed 7040K, reserved 1048576K
GC Heap History (20 events):
Event: 13.836 GC heap before
{Heap before GC invocations=11 (full 0):
 garbage-first heap   total 92160K, used 66526K [0x0000000083400000, 0x0000000100000000)
  region size 1024K, 39 young (39936K), 7 survivors (7168K)
 Metaspace       used 46947K, committed 47232K, reserved 1114112K
  class space    used 5763K, committed 5888K, reserved 1048576K
}
Event: 13.867 GC heap after
{Heap after GC invocations=12 (full 0):
 garbage-first heap   total 92160K, used 37303K [0x0000000083400000, 0x0000000100000000)
  region size 1024K, 4 young (4096K), 4 survivors (4096K)
 Metaspace       used 46947K, committed 47232K, reserved 1114112K
  class space    used 5763K, committed 5888K, reserved 1048576K
}
Event: 16.005 GC heap before
{Heap before GC invocations=12 (full 0):
 garbage-first heap   total 92160K, used 69047K [0x0000000083400000, 0x0000000100000000)
  region size 1024K, 35 young (35840K), 4 survivors (4096K)
 Metaspace       used 49999K, committed 50240K, reserved 1114112K
  class space    used 6138K, committed 6272K, reserved 1048576K
}
Event: 16.037 GC heap after
{Heap after GC invocations=13 (full 0):
 garbage-first heap   total 92160K, used 42447K [0x0000000083400000, 0x0000000100000000)
  region size 1024K, 5 young (5120K), 5 survivors (5120K)
 Metaspace       used 49999K, committed 50240K, reserved 1114112K
  class space    used 6138K, committed 6272K, reserved 1048576K
}
Event: 18.799 GC heap before
{Heap before GC invocations=13 (full 0):
 garbage-first heap   total 92160K, used 70095K [0x0000000083400000, 0x0000000100000000)
  region size 1024K, 32 young (32768K), 5 survivors (5120K)
 Metaspace       used 52388K, committed 52672K, reserved 1114112K
  class space    used 6343K, committed 6464K, reserved 1048576K
}
Event: 18.832 GC heap after
{Heap after GC invocations=14 (full 0):
 garbage-first heap   total 110592K, used 47381K [0x0000000083400000, 0x0000000100000000)
  region size 1024K, 4 young (4096K), 4 survivors (4096K)
 Metaspace       used 52388K, committed 52672K, reserved 1114112K
  class space    used 6343K, committed 6464K, reserved 1048576K
}
Event: 20.496 GC heap before
{Heap before GC invocations=14 (full 0):
 garbage-first heap   total 110592K, used 82197K [0x0000000083400000, 0x0000000100000000)
  region size 1024K, 38 young (38912K), 4 survivors (4096K)
 Metaspace       used 52631K, committed 52928K, reserved 1114112K
  class space    used 6344K, committed 6464K, reserved 1048576K
}
Event: 20.537 GC heap after
{Heap after GC invocations=15 (full 0):
 garbage-first heap   total 110592K, used 53711K [0x0000000083400000, 0x0000000100000000)
  region size 1024K, 5 young (5120K), 5 survivors (5120K)
 Metaspace       used 52631K, committed 52928K, reserved 1114112K
  class space    used 6344K, committed 6464K, reserved 1048576K
}
Event: 22.968 GC heap before
{Heap before GC invocations=15 (full 0):
 garbage-first heap   total 110592K, used 84431K [0x0000000083400000, 0x0000000100000000)
  region size 1024K, 35 young (35840K), 5 survivors (5120K)
 Metaspace       used 53964K, committed 54272K, reserved 1114112K
  class space    used 6453K, committed 6592K, reserved 1048576K
}
Event: 23.001 GC heap after
{Heap after GC invocations=16 (full 0):
 garbage-first heap   total 110592K, used 57770K [0x0000000083400000, 0x0000000100000000)
  region size 1024K, 4 young (4096K), 4 survivors (4096K)
 Metaspace       used 53964K, committed 54272K, reserved 1114112K
  class space    used 6453K, committed 6592K, reserved 1048576K
}
Event: 25.489 GC heap before
{Heap before GC invocations=16 (full 0):
 garbage-first heap   total 110592K, used 85418K [0x0000000083400000, 0x0000000100000000)
  region size 1024K, 31 young (31744K), 4 survivors (4096K)
 Metaspace       used 56246K, committed 56576K, reserved 1114112K
  class space    used 6644K, committed 6784K, reserved 1048576K
}
Event: 25.511 GC heap after
{Heap after GC invocations=17 (full 0):
 garbage-first heap   total 110592K, used 60199K [0x0000000083400000, 0x0000000100000000)
  region size 1024K, 3 young (3072K), 3 survivors (3072K)
 Metaspace       used 56246K, committed 56576K, reserved 1114112K
  class space    used 6644K, committed 6784K, reserved 1048576K
}
Event: 28.726 GC heap before
{Heap before GC invocations=18 (full 0):
 garbage-first heap   total 110592K, used 87847K [0x0000000083400000, 0x0000000100000000)
  region size 1024K, 30 young (30720K), 3 survivors (3072K)
 Metaspace       used 57748K, committed 58112K, reserved 1114112K
  class space    used 6746K, committed 6912K, reserved 1048576K
}
Event: 28.749 GC heap after
{Heap after GC invocations=19 (full 0):
 garbage-first heap   total 110592K, used 63770K [0x0000000083400000, 0x0000000100000000)
  region size 1024K, 4 young (4096K), 4 survivors (4096K)
 Metaspace       used 57748K, committed 58112K, reserved 1114112K
  class space    used 6746K, committed 6912K, reserved 1048576K
}
Event: 28.823 GC heap before
{Heap before GC invocations=19 (full 0):
 garbage-first heap   total 110592K, used 64794K [0x0000000083400000, 0x0000000100000000)
  region size 1024K, 5 young (5120K), 4 survivors (4096K)
 Metaspace       used 57766K, committed 58112K, reserved 1114112K
  class space    used 6746K, committed 6912K, reserved 1048576K
}
Event: 28.847 GC heap after
{Heap after GC invocations=20 (full 0):
 garbage-first heap   total 110592K, used 64337K [0x0000000083400000, 0x0000000100000000)
  region size 1024K, 1 young (1024K), 1 survivors (1024K)
 Metaspace       used 57766K, committed 58112K, reserved 1114112K
  class space    used 6746K, committed 6912K, reserved 1048576K
}
Event: 28.966 GC heap before
{Heap before GC invocations=20 (full 0):
 garbage-first heap   total 110592K, used 65361K [0x0000000083400000, 0x0000000100000000)
  region size 1024K, 3 young (3072K), 1 survivors (1024K)
 Metaspace       used 57812K, committed 58112K, reserved 1114112K
  class space    used 6749K, committed 6912K, reserved 1048576K
}
Event: 28.971 GC heap after
{Heap after GC invocations=21 (full 0):
 garbage-first heap   total 202752K, used 64068K [0x0000000083400000, 0x0000000100000000)
  region size 1024K, 1 young (1024K), 1 survivors (1024K)
 Metaspace       used 57812K, committed 58112K, reserved 1114112K
  class space    used 6749K, committed 6912K, reserved 1048576K
}
Event: 39.714 GC heap before
{Heap before GC invocations=21 (full 0):
 garbage-first heap   total 202752K, used 155204K [0x0000000083400000, 0x0000000100000000)
  region size 1024K, 87 young (89088K), 1 survivors (1024K)
 Metaspace       used 59776K, committed 60096K, reserved 1114112K
  class space    used 6909K, committed 7040K, reserved 1048576K
}
Event: 39.730 GC heap after
{Heap after GC invocations=22 (full 0):
 garbage-first heap   total 202752K, used 72958K [0x0000000083400000, 0x0000000100000000)
  region size 1024K, 8 young (8192K), 8 survivors (8192K)
 Metaspace       used 59776K, committed 60096K, reserved 1114112K
  class space    used 6909K, committed 7040K, reserved 1048576K
}

