# JRE version: Java(TM) SE Runtime Environment (17.0.8+9) (build 17.0.8+9-LTS-211)
# Java VM: Java HotSpot(TM) 64-Bit Server VM (17.0.8+9-LTS-211, mixed mode, sharing, tiered, compressed oops, compressed class ptrs, g1 gc, windows-amd64)
GC Precious Log:
 CPUs: 8 total, 8 available
 Memory: 7977M
 Large Page Support: Disabled
 NUMA Support: Disabled
 Compressed Oops: Enabled (32-bit)
 Heap Region Size: 1M
 Heap Min Capacity: 8M
 Heap Initial Capacity: 126M
 Heap Max Capacity: 2G
 Pre-touch: Disabled
 Parallel Workers: 8
 Concurrent Workers: 2
 Concurrent Refinement Workers: 8
 Periodic GC: Disabled
Heap:
 garbage-first heap   total 102400K, used 69840K [0x0000000080000000, 0x0000000100000000)
  region size 1024K, 18 young (18432K), 4 survivors (4096K)
 Metaspace       used 60618K, committed 61312K, reserved 491520K
  class space    used 8502K, committed 8832K, reserved 425984K
GC Heap History (20 events):
Event: 13.582 GC heap before
{Heap before GC invocations=12 (full 0):
 garbage-first heap   total 81920K, used 64530K [0x0000000080000000, 0x0000000100000000)
  region size 1024K, 31 young (31744K), 3 survivors (3072K)
 Metaspace       used 42164K, committed 42688K, reserved 491520K
  class space    used 5889K, committed 6144K, reserved 425984K
}
Event: 13.588 GC heap after
{Heap after GC invocations=13 (full 0):
 garbage-first heap   total 81920K, used 37270K [0x0000000080000000, 0x0000000100000000)
  region size 1024K, 3 young (3072K), 3 survivors (3072K)
 Metaspace       used 42164K, committed 42688K, reserved 491520K
  class space    used 5889K, committed 6144K, reserved 425984K
}
Event: 13.713 GC heap before
{Heap before GC invocations=13 (full 0):
 garbage-first heap   total 81920K, used 44438K [0x0000000080000000, 0x0000000100000000)
  region size 1024K, 9 young (9216K), 3 survivors (3072K)
 Metaspace       used 42328K, committed 42880K, reserved 491520K
  class space    used 5906K, committed 6144K, reserved 425984K
}
Event: 13.717 GC heap after
{Heap after GC invocations=14 (full 0):
 garbage-first heap   total 81920K, used 40288K [0x0000000080000000, 0x0000000100000000)
  region size 1024K, 3 young (3072K), 3 survivors (3072K)
 Metaspace       used 42328K, committed 42880K, reserved 491520K
  class space    used 5906K, committed 6144K, reserved 425984K
}
Event: 14.281 GC heap before
{Heap before GC invocations=15 (full 0):
 garbage-first heap   total 81920K, used 67936K [0x0000000080000000, 0x0000000100000000)
  region size 1024K, 26 young (26624K), 3 survivors (3072K)
 Metaspace       used 45824K, committed 46400K, reserved 491520K
  class space    used 6378K, committed 6656K, reserved 425984K
}
Event: 14.285 GC heap after
{Heap after GC invocations=16 (full 0):
 garbage-first heap   total 81920K, used 46827K [0x0000000080000000, 0x0000000100000000)
  region size 1024K, 4 young (4096K), 4 survivors (4096K)
 Metaspace       used 45824K, committed 46400K, reserved 491520K
  class space    used 6378K, committed 6656K, reserved 425984K
}
Event: 14.684 GC heap before
{Heap before GC invocations=16 (full 0):
 garbage-first heap   total 81920K, used 66283K [0x0000000080000000, 0x0000000100000000)
  region size 1024K, 23 young (23552K), 4 survivors (4096K)
 Metaspace       used 47914K, committed 48576K, reserved 491520K
  class space    used 6713K, committed 7040K, reserved 425984K
}
Event: 14.688 GC heap after
{Heap after GC invocations=17 (full 0):
 garbage-first heap   total 81920K, used 47733K [0x0000000080000000, 0x0000000100000000)
  region size 1024K, 1 young (1024K), 1 survivors (1024K)
 Metaspace       used 47914K, committed 48576K, reserved 491520K
  class space    used 6713K, committed 7040K, reserved 425984K
}
Event: 15.053 GC heap before
{Heap before GC invocations=18 (full 0):
 garbage-first heap   total 83968K, used 67189K [0x0000000080000000, 0x0000000100000000)
  region size 1024K, 20 young (20480K), 1 survivors (1024K)
 Metaspace       used 49890K, committed 50496K, reserved 491520K
  class space    used 6995K, committed 7296K, reserved 425984K
}
Event: 15.056 GC heap after
{Heap after GC invocations=19 (full 0):
 garbage-first heap   total 83968K, used 48911K [0x0000000080000000, 0x0000000100000000)
  region size 1024K, 3 young (3072K), 3 survivors (3072K)
 Metaspace       used 49890K, committed 50496K, reserved 491520K
  class space    used 6995K, committed 7296K, reserved 425984K
}
Event: 15.309 GC heap before
{Heap before GC invocations=19 (full 0):
 garbage-first heap   total 83968K, used 68367K [0x0000000080000000, 0x0000000100000000)
  region size 1024K, 22 young (22528K), 3 survivors (3072K)
 Metaspace       used 52463K, committed 53056K, reserved 491520K
  class space    used 7323K, committed 7616K, reserved 425984K
}
Event: 15.313 GC heap after
{Heap after GC invocations=20 (full 0):
 garbage-first heap   total 83968K, used 50238K [0x0000000080000000, 0x0000000100000000)
  region size 1024K, 3 young (3072K), 3 survivors (3072K)
 Metaspace       used 52463K, committed 53056K, reserved 491520K
  class space    used 7323K, committed 7616K, reserved 425984K
}
Event: 15.665 GC heap before
{Heap before GC invocations=21 (full 0):
 garbage-first heap   total 91136K, used 67646K [0x0000000080000000, 0x0000000100000000)
  region size 1024K, 21 young (21504K), 3 survivors (3072K)
 Metaspace       used 54201K, committed 54848K, reserved 491520K
  class space    used 7540K, committed 7872K, reserved 425984K
}
Event: 15.669 GC heap after
{Heap after GC invocations=22 (full 0):
 garbage-first heap   total 91136K, used 51587K [0x0000000080000000, 0x0000000100000000)
  region size 1024K, 3 young (3072K), 3 survivors (3072K)
 Metaspace       used 54201K, committed 54848K, reserved 491520K
  class space    used 7540K, committed 7872K, reserved 425984K
}
Event: 16.081 GC heap before
{Heap before GC invocations=22 (full 0):
 garbage-first heap   total 91136K, used 75139K [0x0000000080000000, 0x0000000100000000)
  region size 1024K, 26 young (26624K), 3 survivors (3072K)
 Metaspace       used 56271K, committed 56960K, reserved 491520K
  class space    used 7837K, committed 8192K, reserved 425984K
}
Event: 16.091 GC heap after
{Heap after GC invocations=23 (full 0):
 garbage-first heap   total 91136K, used 53115K [0x0000000080000000, 0x0000000100000000)
  region size 1024K, 3 young (3072K), 3 survivors (3072K)
 Metaspace       used 56271K, committed 56960K, reserved 491520K
  class space    used 7837K, committed 8192K, reserved 425984K
}
Event: 16.409 GC heap before
{Heap before GC invocations=24 (full 0):
 garbage-first heap   total 99328K, used 74619K [0x0000000080000000, 0x0000000100000000)
  region size 1024K, 24 young (24576K), 3 survivors (3072K)
 Metaspace       used 57633K, committed 58304K, reserved 491520K
  class space    used 8069K, committed 8384K, reserved 425984K
}
Event: 16.413 GC heap after
{Heap after GC invocations=25 (full 0):
 garbage-first heap   total 99328K, used 54489K [0x0000000080000000, 0x0000000100000000)
  region size 1024K, 3 young (3072K), 3 survivors (3072K)
 Metaspace       used 57633K, committed 58304K, reserved 491520K
  class space    used 8069K, committed 8384K, reserved 425984K
}
Event: 17.107 GC heap before
{Heap before GC invocations=25 (full 0):
 garbage-first heap   total 99328K, used 81113K [0x0000000080000000, 0x0000000100000000)
  region size 1024K, 29 young (29696K), 3 survivors (3072K)
 Metaspace       used 59471K, committed 60160K, reserved 491520K
  class space    used 8340K, committed 8640K, reserved 425984K
}
Event: 17.113 GC heap after
{Heap after GC invocations=26 (full 0):
 garbage-first heap   total 99328K, used 57552K [0x0000000080000000, 0x0000000100000000)
  region size 1024K, 4 young (4096K), 4 survivors (4096K)
 Metaspace       used 59471K, committed 60160K, reserved 491520K
  class space    used 8340K, committed 8640K, reserved 425984K
}

