# JRE version: Java(TM) SE Runtime Environment (17.0.8+9) (build 17.0.8+9-LTS-211)
# Java VM: Java HotSpot(TM) 64-Bit Server VM (17.0.8+9-LTS-211, mixed mode, sharing, tiered, compressed oops, compressed class ptrs, g1 gc, windows-amd64)
GC Precious Log:
 CPUs: 8 total, 8 available
 Memory: 7977M
 Large Page Support: Disabled
 NUMA Support: Disabled
 Compressed Oops: Enabled (32-bit)
 Heap Region Size: 1M
 Heap Min Capacity: 8M
 Heap Initial Capacity: 126M
 Heap Max Capacity: 2G
 Pre-touch: Disabled
 Parallel Workers: 8
 Concurrent Workers: 2
 Concurrent Refinement Workers: 8
 Periodic GC: Disabled
Heap:
 garbage-first heap   total 107520K, used 73397K [0x0000000080000000, 0x0000000100000000)
  region size 1024K, 11 young (11264K), 3 survivors (3072K)
 Metaspace       used 66474K, committed 67136K, reserved 491520K
  class space    used 9161K, committed 9472K, reserved 425984K
GC Heap History (20 events):
Event: 33.591 GC heap before
{Heap before GC invocations=14 (full 0):
 garbage-first heap   total 89088K, used 70318K [0x0000000080000000, 0x0000000100000000)
  region size 1024K, 27 young (27648K), 2 survivors (2048K)
 Metaspace       used 49441K, committed 50048K, reserved 491520K
  class space    used 6903K, committed 7168K, reserved 425984K
}
Event: 33.595 GC heap after
{Heap after GC invocations=15 (full 0):
 garbage-first heap   total 89088K, used 46072K [0x0000000080000000, 0x0000000100000000)
  region size 1024K, 3 young (3072K), 3 survivors (3072K)
 Metaspace       used 49441K, committed 50048K, reserved 491520K
  class space    used 6903K, committed 7168K, reserved 425984K
}
Event: 34.197 GC heap before
{Heap before GC invocations=16 (full 0):
 garbage-first heap   total 89088K, used 70648K [0x0000000080000000, 0x0000000100000000)
  region size 1024K, 28 young (28672K), 3 survivors (3072K)
 Metaspace       used 52534K, committed 53120K, reserved 491520K
  class space    used 7333K, committed 7616K, reserved 425984K
}
Event: 34.203 GC heap after
{Heap after GC invocations=17 (full 0):
 garbage-first heap   total 89088K, used 47683K [0x0000000080000000, 0x0000000100000000)
  region size 1024K, 3 young (3072K), 3 survivors (3072K)
 Metaspace       used 52534K, committed 53120K, reserved 491520K
  class space    used 7333K, committed 7616K, reserved 425984K
}
Event: 36.834 GC heap before
{Heap before GC invocations=17 (full 0):
 garbage-first heap   total 89088K, used 71235K [0x0000000080000000, 0x0000000100000000)
  region size 1024K, 27 young (27648K), 3 survivors (3072K)
 Metaspace       used 54433K, committed 55104K, reserved 491520K
  class space    used 7559K, committed 7872K, reserved 425984K
}
Event: 36.839 GC heap after
{Heap after GC invocations=18 (full 0):
 garbage-first heap   total 89088K, used 49396K [0x0000000080000000, 0x0000000100000000)
  region size 1024K, 4 young (4096K), 4 survivors (4096K)
 Metaspace       used 54433K, committed 55104K, reserved 491520K
  class space    used 7559K, committed 7872K, reserved 425984K
}
Event: 38.015 GC heap before
{Heap before GC invocations=19 (full 0):
 garbage-first heap   total 89088K, used 72948K [0x0000000080000000, 0x0000000100000000)
  region size 1024K, 27 young (27648K), 4 survivors (4096K)
 Metaspace       used 56535K, committed 57216K, reserved 491520K
  class space    used 7858K, committed 8192K, reserved 425984K
}
Event: 38.019 GC heap after
{Heap after GC invocations=20 (full 0):
 garbage-first heap   total 89088K, used 50730K [0x0000000080000000, 0x0000000100000000)
  region size 1024K, 3 young (3072K), 3 survivors (3072K)
 Metaspace       used 56535K, committed 57216K, reserved 491520K
  class space    used 7858K, committed 8192K, reserved 425984K
}
Event: 38.622 GC heap before
{Heap before GC invocations=20 (full 0):
 garbage-first heap   total 89088K, used 73258K [0x0000000080000000, 0x0000000100000000)
  region size 1024K, 25 young (25600K), 3 survivors (3072K)
 Metaspace       used 58050K, committed 58688K, reserved 491520K
  class space    used 8107K, committed 8384K, reserved 425984K
}
Event: 38.627 GC heap after
{Heap after GC invocations=21 (full 0):
 garbage-first heap   total 89088K, used 52682K [0x0000000080000000, 0x0000000100000000)
  region size 1024K, 4 young (4096K), 4 survivors (4096K)
 Metaspace       used 58050K, committed 58688K, reserved 491520K
  class space    used 8107K, committed 8384K, reserved 425984K
}
Event: 39.448 GC heap before
{Heap before GC invocations=22 (full 0):
 garbage-first heap   total 94208K, used 72138K [0x0000000080000000, 0x0000000100000000)
  region size 1024K, 23 young (23552K), 4 survivors (4096K)
 Metaspace       used 59303K, committed 59968K, reserved 491520K
  class space    used 8281K, committed 8576K, reserved 425984K
}
Event: 39.454 GC heap after
{Heap after GC invocations=23 (full 0):
 garbage-first heap   total 94208K, used 54789K [0x0000000080000000, 0x0000000100000000)
  region size 1024K, 3 young (3072K), 3 survivors (3072K)
 Metaspace       used 59303K, committed 59968K, reserved 491520K
  class space    used 8281K, committed 8576K, reserved 425984K
}
Event: 40.329 GC heap before
{Heap before GC invocations=23 (full 0):
 garbage-first heap   total 94208K, used 75269K [0x0000000080000000, 0x0000000100000000)
  region size 1024K, 24 young (24576K), 3 survivors (3072K)
 Metaspace       used 61138K, committed 61760K, reserved 491520K
  class space    used 8545K, committed 8832K, reserved 425984K
}
Event: 40.336 GC heap after
{Heap after GC invocations=24 (full 0):
 garbage-first heap   total 94208K, used 57760K [0x0000000080000000, 0x0000000100000000)
  region size 1024K, 3 young (3072K), 3 survivors (3072K)
 Metaspace       used 61138K, committed 61760K, reserved 491520K
  class space    used 8545K, committed 8832K, reserved 425984K
}
Event: 41.107 GC heap before
{Heap before GC invocations=25 (full 0):
 garbage-first heap   total 102400K, used 76192K [0x0000000080000000, 0x0000000100000000)
  region size 1024K, 22 young (22528K), 3 survivors (3072K)
 Metaspace       used 62404K, committed 63040K, reserved 491520K
  class space    used 8697K, committed 8960K, reserved 425984K
}
Event: 41.112 GC heap after
{Heap after GC invocations=26 (full 0):
 garbage-first heap   total 102400K, used 60385K [0x0000000080000000, 0x0000000100000000)
  region size 1024K, 3 young (3072K), 3 survivors (3072K)
 Metaspace       used 62404K, committed 63040K, reserved 491520K
  class space    used 8697K, committed 8960K, reserved 425984K
}
Event: 41.376 GC heap before
{Heap before GC invocations=26 (full 0):
 garbage-first heap   total 102400K, used 65505K [0x0000000080000000, 0x0000000100000000)
  region size 1024K, 10 young (10240K), 3 survivors (3072K)
 Metaspace       used 62451K, committed 63168K, reserved 491520K
  class space    used 8700K, committed 9024K, reserved 425984K
}
Event: 41.380 GC heap after
{Heap after GC invocations=27 (full 0):
 garbage-first heap   total 102400K, used 60988K [0x0000000080000000, 0x0000000100000000)
  region size 1024K, 1 young (1024K), 1 survivors (1024K)
 Metaspace       used 62451K, committed 63168K, reserved 491520K
  class space    used 8700K, committed 9024K, reserved 425984K
}
Event: 42.163 GC heap before
{Heap before GC invocations=28 (full 0):
 garbage-first heap   total 107520K, used 85564K [0x0000000080000000, 0x0000000100000000)
  region size 1024K, 24 young (24576K), 1 survivors (1024K)
 Metaspace       used 65347K, committed 66048K, reserved 491520K
  class space    used 9027K, committed 9344K, reserved 425984K
}
Event: 42.167 GC heap after
{Heap after GC invocations=29 (full 0):
 garbage-first heap   total 107520K, used 66229K [0x0000000080000000, 0x0000000100000000)
  region size 1024K, 3 young (3072K), 3 survivors (3072K)
 Metaspace       used 65347K, committed 66048K, reserved 491520K
  class space    used 9027K, committed 9344K, reserved 425984K
}

