# JRE version: Java(TM) SE Runtime Environment (17.0.8+9) (build 17.0.8+9-LTS-211)
# Java VM: Java HotSpot(TM) 64-Bit Server VM (17.0.8+9-LTS-211, mixed mode, sharing, tiered, compressed oops, compressed class ptrs, g1 gc, windows-amd64)
GC Precious Log:
 CPUs: 8 total, 8 available
 Memory: 7977M
 Large Page Support: Disabled
 NUMA Support: Disabled
 Compressed Oops: Enabled (32-bit)
 Heap Region Size: 1M
 Heap Min Capacity: 8M
 Heap Initial Capacity: 126M
 Heap Max Capacity: 2G
 Pre-touch: Disabled
 Parallel Workers: 8
 Concurrent Workers: 2
 Concurrent Refinement Workers: 8
 Periodic GC: Disabled
Heap:
 garbage-first heap   total 416768K, used 176346K [0x0000000080000000, 0x0000000100000000)
  region size 1024K, 30 young (30720K), 28 survivors (28672K)
 Metaspace       used 104168K, committed 105088K, reserved 557056K
  class space    used 14285K, committed 14720K, reserved 425984K
GC Heap History (20 events):
Event: 49.120 GC heap after
{Heap after GC invocations=44 (full 0):
 garbage-first heap   total 256000K, used 133515K [0x0000000080000000, 0x0000000100000000)
  region size 1024K, 6 young (6144K), 6 survivors (6144K)
 Metaspace       used 91833K, committed 92608K, reserved 557056K
  class space    used 12789K, committed 13184K, reserved 425984K
}
Event: 49.336 GC heap before
{Heap before GC invocations=44 (full 0):
 garbage-first heap   total 256000K, used 216459K [0x0000000080000000, 0x0000000100000000)
  region size 1024K, 87 young (89088K), 6 survivors (6144K)
 Metaspace       used 91853K, committed 92672K, reserved 557056K
  class space    used 12789K, committed 13184K, reserved 425984K
}
Event: 49.342 GC heap after
{Heap after GC invocations=45 (full 0):
 garbage-first heap   total 307200K, used 133902K [0x0000000080000000, 0x0000000100000000)
  region size 1024K, 6 young (6144K), 6 survivors (6144K)
 Metaspace       used 91853K, committed 92672K, reserved 557056K
  class space    used 12789K, committed 13184K, reserved 425984K
}
Event: 50.248 GC heap before
{Heap before GC invocations=45 (full 0):
 garbage-first heap   total 307200K, used 260878K [0x0000000080000000, 0x0000000100000000)
  region size 1024K, 130 young (133120K), 6 survivors (6144K)
 Metaspace       used 91856K, committed 92672K, reserved 557056K
  class space    used 12789K, committed 13184K, reserved 425984K
}
Event: 50.260 GC heap after
{Heap after GC invocations=46 (full 0):
 garbage-first heap   total 307200K, used 136981K [0x0000000080000000, 0x0000000100000000)
  region size 1024K, 9 young (9216K), 9 survivors (9216K)
 Metaspace       used 91856K, committed 92672K, reserved 557056K
  class space    used 12789K, committed 13184K, reserved 425984K
}
Event: 50.855 GC heap before
{Heap before GC invocations=46 (full 0):
 garbage-first heap   total 307200K, used 262933K [0x0000000080000000, 0x0000000100000000)
  region size 1024K, 132 young (135168K), 9 survivors (9216K)
 Metaspace       used 91865K, committed 92672K, reserved 557056K
  class space    used 12789K, committed 13184K, reserved 425984K
}
Event: 50.866 GC heap after
{Heap after GC invocations=47 (full 0):
 garbage-first heap   total 307200K, used 138792K [0x0000000080000000, 0x0000000100000000)
  region size 1024K, 11 young (11264K), 11 survivors (11264K)
 Metaspace       used 91865K, committed 92672K, reserved 557056K
  class space    used 12789K, committed 13184K, reserved 425984K
}
Event: 51.582 GC heap before
{Heap before GC invocations=47 (full 0):
 garbage-first heap   total 307200K, used 264744K [0x0000000080000000, 0x0000000100000000)
  region size 1024K, 134 young (137216K), 11 survivors (11264K)
 Metaspace       used 92739K, committed 93568K, reserved 557056K
  class space    used 12892K, committed 13312K, reserved 425984K
}
Event: 51.606 GC heap after
{Heap after GC invocations=48 (full 0):
 garbage-first heap   total 307200K, used 141201K [0x0000000080000000, 0x0000000100000000)
  region size 1024K, 10 young (10240K), 10 survivors (10240K)
 Metaspace       used 92739K, committed 93568K, reserved 557056K
  class space    used 12892K, committed 13312K, reserved 425984K
}
Event: 53.986 GC heap before
{Heap before GC invocations=48 (full 0):
 garbage-first heap   total 307200K, used 267153K [0x0000000080000000, 0x0000000100000000)
  region size 1024K, 131 young (134144K), 10 survivors (10240K)
 Metaspace       used 94707K, committed 95552K, reserved 557056K
  class space    used 13101K, committed 13504K, reserved 425984K
}
Event: 54.026 GC heap after
{Heap after GC invocations=49 (full 0):
 garbage-first heap   total 307200K, used 149828K [0x0000000080000000, 0x0000000100000000)
  region size 1024K, 15 young (15360K), 15 survivors (15360K)
 Metaspace       used 94707K, committed 95552K, reserved 557056K
  class space    used 13101K, committed 13504K, reserved 425984K
}
Event: 54.216 GC heap before
{Heap before GC invocations=49 (full 0):
 garbage-first heap   total 307200K, used 260420K [0x0000000080000000, 0x0000000100000000)
  region size 1024K, 123 young (125952K), 15 survivors (15360K)
 Metaspace       used 94710K, committed 95552K, reserved 557056K
  class space    used 13101K, committed 13504K, reserved 425984K
}
Event: 54.242 GC heap after
{Heap after GC invocations=50 (full 0):
 garbage-first heap   total 307200K, used 150742K [0x0000000080000000, 0x0000000100000000)
  region size 1024K, 10 young (10240K), 10 survivors (10240K)
 Metaspace       used 94710K, committed 95552K, reserved 557056K
  class space    used 13101K, committed 13504K, reserved 425984K
}
Event: 54.444 GC heap before
{Heap before GC invocations=50 (full 0):
 garbage-first heap   total 307200K, used 265430K [0x0000000080000000, 0x0000000100000000)
  region size 1024K, 122 young (124928K), 10 survivors (10240K)
 Metaspace       used 94719K, committed 95552K, reserved 557056K
  class space    used 13101K, committed 13504K, reserved 425984K
}
Event: 54.450 GC heap after
{Heap after GC invocations=51 (full 0):
 garbage-first heap   total 307200K, used 150950K [0x0000000080000000, 0x0000000100000000)
  region size 1024K, 8 young (8192K), 8 survivors (8192K)
 Metaspace       used 94719K, committed 95552K, reserved 557056K
  class space    used 13101K, committed 13504K, reserved 425984K
}
Event: 54.623 GC heap before
{Heap before GC invocations=51 (full 0):
 garbage-first heap   total 307200K, used 266662K [0x0000000080000000, 0x0000000100000000)
  region size 1024K, 121 young (123904K), 8 survivors (8192K)
 Metaspace       used 94719K, committed 95552K, reserved 557056K
  class space    used 13101K, committed 13504K, reserved 425984K
}
Event: 54.627 GC heap after
{Heap after GC invocations=52 (full 0):
 garbage-first heap   total 416768K, used 151012K [0x0000000080000000, 0x0000000100000000)
  region size 1024K, 8 young (8192K), 8 survivors (8192K)
 Metaspace       used 94719K, committed 95552K, reserved 557056K
  class space    used 13101K, committed 13504K, reserved 425984K
}
Event: 57.172 GC heap before
{Heap before GC invocations=52 (full 0):
 garbage-first heap   total 416768K, used 359908K [0x0000000080000000, 0x0000000100000000)
  region size 1024K, 212 young (217088K), 8 survivors (8192K)
 Metaspace       used 96285K, committed 97216K, reserved 557056K
  class space    used 13240K, committed 13696K, reserved 425984K
}
Event: 57.186 GC heap after
{Heap after GC invocations=53 (full 0):
 garbage-first heap   total 416768K, used 149247K [0x0000000080000000, 0x0000000100000000)
  region size 1024K, 6 young (6144K), 6 survivors (6144K)
 Metaspace       used 96285K, committed 97216K, reserved 557056K
  class space    used 13240K, committed 13696K, reserved 425984K
}
Event: 60.434 GC heap before
{Heap before GC invocations=53 (full 0):
 garbage-first heap   total 416768K, used 366335K [0x0000000080000000, 0x0000000100000000)
  region size 1024K, 218 young (223232K), 6 survivors (6144K)
 Metaspace       used 104145K, committed 105088K, reserved 557056K
  class space    used 14285K, committed 14720K, reserved 425984K
}

