# JRE version: Java(TM) SE Runtime Environment (17.0.8+9) (build 17.0.8+9-LTS-211)
# Java VM: Java HotSpot(TM) 64-Bit Server VM (17.0.8+9-LTS-211, mixed mode, sharing, tiered, compressed oops, compressed class ptrs, g1 gc, windows-amd64)
GC Precious Log:
 CPUs: 8 total, 8 available
 Memory: 7977M
 Large Page Support: Disabled
 NUMA Support: Disabled
 Compressed Oops: Enabled (32-bit)
 Heap Region Size: 1M
 Heap Min Capacity: 8M
 Heap Initial Capacity: 126M
 Heap Max Capacity: 1996M
 Pre-touch: Disabled
 Parallel Workers: 8
 Concurrent Workers: 2
 Concurrent Refinement Workers: 8
 Periodic GC: Disabled
Heap:
 garbage-first heap   total 129024K, used 69074K [0x0000000083400000, 0x0000000100000000)
  region size 1024K, 1 young (1024K), 1 survivors (1024K)
 Metaspace       used 58994K, committed 59392K, reserved 1114112K
  class space    used 6846K, committed 7040K, reserved 1048576K
GC Heap History (20 events):
Event: 16.187 GC heap after
{Heap after GC invocations=13 (full 0):
 garbage-first heap   total 92160K, used 43826K [0x0000000083400000, 0x0000000100000000)
  region size 1024K, 5 young (5120K), 5 survivors (5120K)
 Metaspace       used 49939K, committed 50240K, reserved 1114112K
  class space    used 6132K, committed 6272K, reserved 1048576K
}
Event: 18.655 GC heap before
{Heap before GC invocations=13 (full 0):
 garbage-first heap   total 92160K, used 70450K [0x0000000083400000, 0x0000000100000000)
  region size 1024K, 31 young (31744K), 5 survivors (5120K)
 Metaspace       used 52360K, committed 52736K, reserved 1114112K
  class space    used 6342K, committed 6528K, reserved 1048576K
}
Event: 18.688 GC heap after
{Heap after GC invocations=14 (full 0):
 garbage-first heap   total 92160K, used 48346K [0x0000000083400000, 0x0000000100000000)
  region size 1024K, 4 young (4096K), 4 survivors (4096K)
 Metaspace       used 52360K, committed 52736K, reserved 1114112K
  class space    used 6342K, committed 6528K, reserved 1048576K
}
Event: 19.855 GC heap before
{Heap before GC invocations=14 (full 0):
 garbage-first heap   total 92160K, used 70874K [0x0000000083400000, 0x0000000100000000)
  region size 1024K, 26 young (26624K), 4 survivors (4096K)
 Metaspace       used 52597K, committed 52928K, reserved 1114112K
  class space    used 6344K, committed 6528K, reserved 1048576K
}
Event: 19.887 GC heap after
{Heap after GC invocations=15 (full 0):
 garbage-first heap   total 110592K, used 53142K [0x0000000083400000, 0x0000000100000000)
  region size 1024K, 4 young (4096K), 4 survivors (4096K)
 Metaspace       used 52597K, committed 52928K, reserved 1114112K
  class space    used 6344K, committed 6528K, reserved 1048576K
}
Event: 21.264 GC heap before
{Heap before GC invocations=16 (full 0):
 garbage-first heap   total 110592K, used 82838K [0x0000000083400000, 0x0000000100000000)
  region size 1024K, 33 young (33792K), 4 survivors (4096K)
 Metaspace       used 53317K, committed 53632K, reserved 1114112K
  class space    used 6418K, committed 6592K, reserved 1048576K
}
Event: 21.292 GC heap after
{Heap after GC invocations=17 (full 0):
 garbage-first heap   total 110592K, used 58030K [0x0000000083400000, 0x0000000100000000)
  region size 1024K, 5 young (5120K), 5 survivors (5120K)
 Metaspace       used 53317K, committed 53632K, reserved 1114112K
  class space    used 6418K, committed 6592K, reserved 1048576K
}
Event: 21.301 GC heap before
{Heap before GC invocations=17 (full 0):
 garbage-first heap   total 110592K, used 59054K [0x0000000083400000, 0x0000000100000000)
  region size 1024K, 6 young (6144K), 5 survivors (5120K)
 Metaspace       used 53318K, committed 53632K, reserved 1114112K
  class space    used 6418K, committed 6592K, reserved 1048576K
}
Event: 21.316 GC heap after
{Heap after GC invocations=18 (full 0):
 garbage-first heap   total 110592K, used 57549K [0x0000000083400000, 0x0000000100000000)
  region size 1024K, 1 young (1024K), 1 survivors (1024K)
 Metaspace       used 53318K, committed 53632K, reserved 1114112K
  class space    used 6418K, committed 6592K, reserved 1048576K
}
Event: 24.182 GC heap before
{Heap before GC invocations=18 (full 0):
 garbage-first heap   total 110592K, used 85197K [0x0000000083400000, 0x0000000100000000)
  region size 1024K, 28 young (28672K), 1 survivors (1024K)
 Metaspace       used 54635K, committed 54976K, reserved 1114112K
  class space    used 6500K, committed 6656K, reserved 1048576K
}
Event: 24.194 GC heap after
{Heap after GC invocations=19 (full 0):
 garbage-first heap   total 110592K, used 58997K [0x0000000083400000, 0x0000000100000000)
  region size 1024K, 3 young (3072K), 3 survivors (3072K)
 Metaspace       used 54635K, committed 54976K, reserved 1114112K
  class space    used 6500K, committed 6656K, reserved 1048576K
}
Event: 26.937 GC heap before
{Heap before GC invocations=20 (full 0):
 garbage-first heap   total 110592K, used 86645K [0x0000000083400000, 0x0000000100000000)
  region size 1024K, 30 young (30720K), 3 survivors (3072K)
 Metaspace       used 57196K, committed 57536K, reserved 1114112K
  class space    used 6681K, committed 6848K, reserved 1048576K
}
Event: 26.958 GC heap after
{Heap after GC invocations=21 (full 0):
 garbage-first heap   total 110592K, used 61602K [0x0000000083400000, 0x0000000100000000)
  region size 1024K, 3 young (3072K), 3 survivors (3072K)
 Metaspace       used 57196K, committed 57536K, reserved 1114112K
  class space    used 6681K, committed 6848K, reserved 1048576K
}
Event: 27.134 GC heap before
{Heap before GC invocations=21 (full 0):
 garbage-first heap   total 110592K, used 62626K [0x0000000083400000, 0x0000000100000000)
  region size 1024K, 5 young (5120K), 3 survivors (3072K)
 Metaspace       used 57224K, committed 57536K, reserved 1114112K
  class space    used 6681K, committed 6848K, reserved 1048576K
}
Event: 27.147 GC heap after
{Heap after GC invocations=22 (full 0):
 garbage-first heap   total 110592K, used 61521K [0x0000000083400000, 0x0000000100000000)
  region size 1024K, 1 young (1024K), 1 survivors (1024K)
 Metaspace       used 57224K, committed 57536K, reserved 1114112K
  class space    used 6681K, committed 6848K, reserved 1048576K
}
Event: 29.853 GC heap before
{Heap before GC invocations=22 (full 0):
 garbage-first heap   total 110592K, used 90193K [0x0000000083400000, 0x0000000100000000)
  region size 1024K, 27 young (27648K), 1 survivors (1024K)
 Metaspace       used 58220K, committed 58560K, reserved 1114112K
  class space    used 6767K, committed 6912K, reserved 1048576K
}
Event: 29.870 GC heap after
{Heap after GC invocations=23 (full 0):
 garbage-first heap   total 110592K, used 66594K [0x0000000083400000, 0x0000000100000000)
  region size 1024K, 4 young (4096K), 4 survivors (4096K)
 Metaspace       used 58220K, committed 58560K, reserved 1114112K
  class space    used 6767K, committed 6912K, reserved 1048576K
}
Event: 31.752 GC heap before
{Heap before GC invocations=24 (full 0):
 garbage-first heap   total 116736K, used 90146K [0x0000000083400000, 0x0000000100000000)
  region size 1024K, 26 young (26624K), 4 survivors (4096K)
 Metaspace       used 58983K, committed 59392K, reserved 1114112K
  class space    used 6846K, committed 7040K, reserved 1048576K
}
Event: 31.774 GC heap after
{Heap after GC invocations=25 (full 0):
 garbage-first heap   total 116736K, used 69142K [0x0000000083400000, 0x0000000100000000)
  region size 1024K, 3 young (3072K), 3 survivors (3072K)
 Metaspace       used 58983K, committed 59392K, reserved 1114112K
  class space    used 6846K, committed 7040K, reserved 1048576K
}
Event: 31.983 GC heap before
{Heap before GC invocations=25 (full 0):
 garbage-first heap   total 116736K, used 71190K [0x0000000083400000, 0x0000000100000000)
  region size 1024K, 5 young (5120K), 3 survivors (3072K)
 Metaspace       used 58994K, committed 59392K, reserved 1114112K
  class space    used 6846K, committed 7040K, reserved 1048576K
}

